<?xml version="1.0" encoding="UTF-8"?>
<coverage generated="1692586791382" clover="3.2.0">
  <project timestamp="1692586791383" name="All files">
    <metrics statements="3" coveredstatements="2" conditionals="0" coveredconditionals="0" methods="1" coveredmethods="1" elements="4" coveredelements="3" complexity="0" loc="3" ncloc="3" packages="1" files="2" classes="2"/>
    <file name="App.tsx" path="/Users/fanderson.k.valencio/Documents/Projeto_de_estudos/projeto_react_banco_digital_fan/fan_digital_bank/src/App.tsx">
      <metrics statements="2" coveredstatements="2" conditionals="0" coveredconditionals="0" methods="1" coveredmethods="1"/>
      <line num="1" count="1" type="stmt"/>
      <line num="2" count="1" type="stmt"/>
    </file>
    <file name="main.tsx" path="/Users/fanderson.k.valencio/Documents/Projeto_de_estudos/projeto_react_banco_digital_fan/fan_digital_bank/src/main.tsx">
      <metrics statements="1" coveredstatements="0" conditionals="0" coveredconditionals="0" methods="0" coveredmethods="0"/>
      <line num="6" count="0" type="stmt"/>
    </file>
  </project>
</coverage>
