{"/Users/fanderson.k.valencio/Documents/Projeto_de_estudos/projeto_react_banco_digital_fan/fan_digital_bank/src/App.tsx": {"path":"/Users/fanderson.k.valencio/Documents/Projeto_de_estudos/projeto_react_banco_digital_fan/fan_digital_bank/src/App.tsx","statementMap":{"0":{"start":{"line":1,"column":19},"end":{"line":7,"column":1}},"1":{"start":{"line":2,"column":2},"end":{"line":6,"column":4}}},"fnMap":{"0":{"name":"(anonymous_0)","decl":{"start":{"line":1,"column":19},"end":{"line":1,"column":20}},"loc":{"start":{"line":1,"column":25},"end":{"line":7,"column":1}},"line":1}},"branchMap":{},"s":{"0":1,"1":1},"f":{"0":1},"b":{},"_coverageSchema":"1a1c01bbd47fc00a2c39e90264f33305004495a9","hash":"d0e3006990eec00938acd79fc664bdbcbe11e6e5"}
,"/Users/fanderson.k.valencio/Documents/Projeto_de_estudos/projeto_react_banco_digital_fan/fan_digital_bank/src/main.tsx": {"path":"/Users/fanderson.k.valencio/Documents/Projeto_de_estudos/projeto_react_banco_digital_fan/fan_digital_bank/src/main.tsx","statementMap":{"0":{"start":{"line":6,"column":0},"end":{"line":10,"column":2}}},"fnMap":{},"branchMap":{},"s":{"0":0},"f":{},"b":{}}
}
